[5.421558941566327E-7] Giovanni's has the best overall value among the selected restaurants. It is a good Italian cheap restaurant, which has plain decor and friendly service. 
[5.094111461545965E-7] Giovanni's has the best overall value among the selected restaurants. It is a good cheap Italian restaurant, which has plain decor and friendly service. 
[8.45516556354826E-8] Giovanni's has the best overall value among the selected restaurants. It is a cheap good Italian restaurant, which has plain decor and friendly service. 
[3.076018540522908E-8] Giovanni's has the best overall value among the selected restaurants. It is a good inexpensive Italian restaurant, which has plain decor and friendly service. 
[1.5291955450674525E-8] Giovanni's has the best overall value among the selected restaurants. It is a good Italian inexpensive restaurant, which has plain decor and friendly service. 
[5.515038368561026E-9] Giovanni's has the best overall value among the selected restaurants. It is a good Italian cheap restaurant, which has friendly service and plain decor. 
[5.181944984266068E-9] Giovanni's has the best overall value among the selected restaurants. It is a good cheap Italian restaurant, which has friendly service and plain decor. 
[9.418440451498345E-10] Giovanni's has the best overall value among the selected restaurants. It is an inexpensive good Italian restaurant, which has plain decor and friendly service. 
[8.600950943831787E-10] Giovanni's has the best overall value among the selected restaurants. It is a cheap good Italian restaurant, which has friendly service and plain decor. 
[3.831916042620453E-10] Giovanni's has the best overall value among the selected restaurants. It is a cheap Italian good restaurant, which has plain decor and friendly service. 
[3.1290592027863013E-10] Giovanni's has the best overall value among the selected restaurants. It is a good inexpensive Italian restaurant, which has friendly service and plain decor. 
[1.5555638986297234E-10] Giovanni's has the best overall value among the selected restaurants. It is a good Italian inexpensive restaurant, which has friendly service and plain decor. 
[2.369916099151963E-11] Giovanni's has the best overall value among the selected restaurants. It is an Italian cheap good restaurant, which has plain decor and friendly service. 
[1.725150135703787E-11] Giovanni's has the best overall value among the selected restaurants. It is an Italian good cheap restaurant, which has plain decor and friendly service. 
[9.580834778679707E-12] Giovanni's has the best overall value among the selected restaurants. It is an inexpensive good Italian restaurant, which has friendly service and plain decor. 
[5.2609432114865465E-12] Giovanni's has the best overall value among the selected restaurants. It is an inexpensive Italian good restaurant, which has plain decor and friendly service. 
[4.487044461569664E-12] Giovanni's has the best overall value among the selected restaurants. It is an Italian inexpensive good restaurant, which has plain decor and friendly service. 
[3.8979865805997874E-12] Giovanni's has the best overall value among the selected restaurants. It is a cheap Italian good restaurant, which has friendly service and plain decor. 
[2.4107732954632565E-13] Giovanni's has the best overall value among the selected restaurants. It is an Italian cheap good restaurant, which has friendly service and plain decor. 
[1.7548954631831238E-13] Giovanni's has the best overall value among the selected restaurants. It is an Italian good cheap restaurant, which has friendly service and plain decor. 
[1.2382619792524295E-13] Giovanni's has the best overall value among the selected restaurants. It is an Italian good inexpensive restaurant, which has plain decor and friendly service. 
[5.351641523401972E-14] Giovanni's has the best overall value among the selected restaurants. It is an inexpensive Italian good restaurant, which has friendly service and plain decor. 
[4.56442085651077E-14] Giovanni's has the best overall value among the selected restaurants. It is an Italian inexpensive good restaurant, which has friendly service and plain decor. 
[1.2596122996192127E-15] Giovanni's has the best overall value among the selected restaurants. It is an Italian good inexpensive restaurant, which has friendly service and plain decor. 
